<?xml version="1.0" encoding="UTF-8"?>
<!-- Generated by org.testng.reporters.JUnitXMLReporter -->
<testsuite ignored="5" hostname="DESKTOP-1UIQG5E" failures="1" tests="4" name="Test" time="45.048" errors="0" timestamp="12 Jul 2023 11:01:27 GMT">
  <testcase classname="OPENEMR.Clinical.TestPage.TestPage" name="loginPageTest" time="7.652">
    <skipped/>
  </testcase> <!-- loginPageTest -->
  <testcase classname="OPENEMR.Clinical.TestPage.TestPage" name="loginPageTest" time="10.052">
    <skipped/>
  </testcase> <!-- loginPageTest -->
  <testcase classname="OPENEMR.Clinical.TestPage.TestPage" name="loginPageTest" time="10.086">
    <skipped/>
  </testcase> <!-- loginPageTest -->
  <testcase classname="OPENEMR.Clinical.TestPage.TestPage" name="loginPageTest" time="10.059">
    <failure type="org.openqa.selenium.NoSuchElementException" message="no such element: Unable to locate element: {&amp;quot;method&amp;quot;:&amp;quot;xpath&amp;quot;,&amp;quot;selector&amp;quot;:&amp;quot;//select[@class=&amp;apos;form-control&amp;apos;]&amp;quot;}
  (Session info: chrome=114.0.5735.199)
For documentation on this error, please visit: https://www.seleniumhq.org/exceptions/no_such_element.html
Build info: version: &amp;apos;3.141.59&amp;apos;, revision: &amp;apos;e82be7d358&amp;apos;, time: &amp;apos;2018-11-14T08:17:03&amp;apos;
System info: host: &amp;apos;DESKTOP-1UIQG5E&amp;apos;, ip: &amp;apos;192.168.0.103&amp;apos;, os.name: &amp;apos;Windows 10&amp;apos;, os.arch: &amp;apos;amd64&amp;apos;, os.version: &amp;apos;10.0&amp;apos;, java.version: &amp;apos;15.0.1&amp;apos;
Driver info: org.openqa.selenium.chrome.ChromeDriver
Capabilities {acceptInsecureCerts: false, browserName: chrome, browserVersion: 114.0.5735.199, chrome: {chromedriverVersion: 114.0.5735.90 (386bc09e8f4f..., userDataDir: C:\Users\SAGARP~1\AppData\L...}, goog:chromeOptions: {debuggerAddress: localhost:61178}, javascriptEnabled: true, networkConnectionEnabled: false, pageLoadStrategy: normal, platform: WINDOWS, platformName: WINDOWS, proxy: Proxy(), setWindowRect: true, strictFileInteractability: false, timeouts: {implicit: 0, pageLoad: 300000, script: 30000}, unhandledPromptBehavior: dismiss and notify, webauthn:extension:credBlob: true, webauthn:extension:largeBlob: true, webauthn:extension:minPinLength: true, webauthn:extension:prf: true, webauthn:virtualAuthenticators: true}
Session ID: 350a1c0081206e87ba766bc4c424bf42
*** Element info: {Using=xpath, value=//select[@class=&amp;apos;form-control&amp;apos;]}">
      <![CDATA[org.openqa.selenium.NoSuchElementException: no such element: Unable to locate element: {"method":"xpath","selector":"//select[@class='form-control']"}
  (Session info: chrome=114.0.5735.199)
For documentation on this error, please visit: https://www.seleniumhq.org/exceptions/no_such_element.html
Build info: version: '3.141.59', revision: 'e82be7d358', time: '2018-11-14T08:17:03'
System info: host: 'DESKTOP-1UIQG5E', ip: '192.168.0.103', os.name: 'Windows 10', os.arch: 'amd64', os.version: '10.0', java.version: '15.0.1'
Driver info: org.openqa.selenium.chrome.ChromeDriver
Capabilities {acceptInsecureCerts: false, browserName: chrome, browserVersion: 114.0.5735.199, chrome: {chromedriverVersion: 114.0.5735.90 (386bc09e8f4f..., userDataDir: C:\Users\SAGARP~1\AppData\L...}, goog:chromeOptions: {debuggerAddress: localhost:61178}, javascriptEnabled: true, networkConnectionEnabled: false, pageLoadStrategy: normal, platform: WINDOWS, platformName: WINDOWS, proxy: Proxy(), setWindowRect: true, strictFileInteractability: false, timeouts: {implicit: 0, pageLoad: 300000, script: 30000}, unhandledPromptBehavior: dismiss and notify, webauthn:extension:credBlob: true, webauthn:extension:largeBlob: true, webauthn:extension:minPinLength: true, webauthn:extension:prf: true, webauthn:virtualAuthenticators: true}
Session ID: 350a1c0081206e87ba766bc4c424bf42
*** Element info: {Using=xpath, value=//select[@class='form-control']}
at org.openqa.selenium.remote.http.W3CHttpResponseCodec.createException(W3CHttpResponseCodec.java:187)
at org.openqa.selenium.remote.http.W3CHttpResponseCodec.decode(W3CHttpResponseCodec.java:122)
at org.openqa.selenium.remote.http.W3CHttpResponseCodec.decode(W3CHttpResponseCodec.java:49)
at org.openqa.selenium.remote.HttpCommandExecutor.execute(HttpCommandExecutor.java:158)
at org.openqa.selenium.remote.service.DriverCommandExecutor.execute(DriverCommandExecutor.java:83)
at org.openqa.selenium.remote.RemoteWebDriver.execute(RemoteWebDriver.java:552)
at org.openqa.selenium.remote.RemoteWebDriver.findElement(RemoteWebDriver.java:323)
at org.openqa.selenium.remote.RemoteWebDriver.findElementByXPath(RemoteWebDriver.java:428)
at org.openqa.selenium.By$ByXPath.findElement(By.java:353)
at org.openqa.selenium.remote.RemoteWebDriver.findElement(RemoteWebDriver.java:315)
at org.openqa.selenium.support.pagefactory.DefaultElementLocator.findElement(DefaultElementLocator.java:69)
at org.openqa.selenium.support.pagefactory.internal.LocatingElementHandler.invoke(LocatingElementHandler.java:38)
at com.sun.proxy.$Proxy11.getTagName(Unknown Source)
at org.openqa.selenium.support.ui.Select.<init>(Select.java:45)
at OPENEMR.Clinical.PAGES.LoginPage.language(LoginPage.java:34)
at OPENEMR.Clinical.TestPage.TestPage.loginPageTest(TestPage.java:28)
... Removed 30 stack frames]]>
    </failure>
  </testcase> <!-- loginPageTest -->
  <testcase classname="OPENEMR.Clinical.TestPage.TestPage" name="modules" time="0.0">
    <ignored/>
  </testcase> <!-- modules -->
  <testcase classname="OPENEMR.Clinical.TestPage.TestPage" name="messages" time="0.0">
    <ignored/>
  </testcase> <!-- messages -->
  <testcase classname="OPENEMR.Clinical.TestPage.TestPage" name="contact" time="0.0">
    <ignored/>
  </testcase> <!-- contact -->
  <testcase classname="OPENEMR.Clinical.TestPage.TestPage" name="newPatient" time="0.0">
    <ignored/>
  </testcase> <!-- newPatient -->
  <testcase classname="OPENEMR.Clinical.TestPage.TestPage" name="headerList" time="0.0">
    <ignored/>
  </testcase> <!-- headerList -->
</testsuite> <!-- Test -->
